{
  "uid" : "9bb4a0909385d0a7",
  "name" : "Validate the working of methods related to text boxes",
  "fullName" : "Utilities validation tutorials point - Feature One: Validate the working of methods related to text boxes",
  "historyId" : "05be9643f50da722f8a6008f7202a0a3",
  "time" : {
    "start" : 1637230943561,
    "stop" : 1637230947811,
    "duration" : 4250
  },
  "status" : "failed",
  "statusMessage" : "AssertionError: First name9090290 is not present in First name:\n",
  "statusTrace" : "  File \"C:\\Users\\praveen.kumara\\AppData\\Local\\Programs\\Python\\Python39\\lib\\site-packages\\behave\\model.py\", line 1329, in run\n    match.run(runner.context)\n  File \"C:\\Users\\praveen.kumara\\AppData\\Local\\Programs\\Python\\Python39\\lib\\site-packages\\behave\\matchers.py\", line 98, in run\n    self.func(context, *args, **kwargs)\n  File \"features\\steps\\UtilityValidationOne.py\", line 34, in step_impl\n    AssertionUtilities.assert_contains(text+\"9090290\", expected_label)\n  File \"C:\\Users\\praveen.kumara\\PycharmProjects\\Shell_FE_Python_Automation\\Shell_FE_Selenium_Core\\Utilities\\AssertionUtilities.py\", line 34, in assert_contains\n    assert valuetobesearched_for in valuetobesearched_in, \"{0} is not present in {1}\".format(valuetobesearched_for, valuetobesearched_in)\n",
  "flaky" : false,
  "newFailed" : false,
  "newBroken" : false,
  "newPassed" : false,
  "retriesCount" : 0,
  "retriesStatusChange" : false,
  "beforeStages" : [ ],
  "testStage" : {
    "status" : "failed",
    "statusMessage" : "AssertionError: First name9090290 is not present in First name:\n",
    "statusTrace" : "  File \"C:\\Users\\praveen.kumara\\AppData\\Local\\Programs\\Python\\Python39\\lib\\site-packages\\behave\\model.py\", line 1329, in run\n    match.run(runner.context)\n  File \"C:\\Users\\praveen.kumara\\AppData\\Local\\Programs\\Python\\Python39\\lib\\site-packages\\behave\\matchers.py\", line 98, in run\n    self.func(context, *args, **kwargs)\n  File \"features\\steps\\UtilityValidationOne.py\", line 34, in step_impl\n    AssertionUtilities.assert_contains(text+\"9090290\", expected_label)\n  File \"C:\\Users\\praveen.kumara\\PycharmProjects\\Shell_FE_Python_Automation\\Shell_FE_Selenium_Core\\Utilities\\AssertionUtilities.py\", line 34, in assert_contains\n    assert valuetobesearched_for in valuetobesearched_in, \"{0} is not present in {1}\".format(valuetobesearched_for, valuetobesearched_in)\n",
    "steps" : [ {
      "name" : "Given user navigates to the TutorialsPoint site",
      "time" : {
        "start" : 1637230943563,
        "stop" : 1637230946103,
        "duration" : 2540
      },
      "status" : "passed",
      "steps" : [ ],
      "attachments" : [ ],
      "parameters" : [ ],
      "stepsCount" : 0,
      "hasContent" : false,
      "attachmentsCount" : 0,
      "shouldDisplayMessage" : false
    }, {
      "name" : "When user enters \"Henry\" in First name",
      "time" : {
        "start" : 1637230946104,
        "stop" : 1637230946452,
        "duration" : 348
      },
      "status" : "passed",
      "steps" : [ ],
      "attachments" : [ ],
      "parameters" : [ ],
      "stepsCount" : 0,
      "hasContent" : false,
      "attachmentsCount" : 0,
      "shouldDisplayMessage" : false
    }, {
      "name" : "And user enters \"Adams\" in Last name",
      "time" : {
        "start" : 1637230946453,
        "stop" : 1637230946832,
        "duration" : 379
      },
      "status" : "passed",
      "steps" : [ ],
      "attachments" : [ ],
      "parameters" : [ ],
      "stepsCount" : 0,
      "hasContent" : false,
      "attachmentsCount" : 0,
      "shouldDisplayMessage" : false
    }, {
      "name" : "Then user validates the \"First name\" label in First name textbox",
      "time" : {
        "start" : 1637230946833,
        "stop" : 1637230947419,
        "duration" : 586
      },
      "status" : "failed",
      "statusMessage" : "AssertionError: First name9090290 is not present in First name:\n",
      "statusTrace" : "  File \"C:\\Users\\praveen.kumara\\AppData\\Local\\Programs\\Python\\Python39\\lib\\site-packages\\behave\\model.py\", line 1329, in run\n    match.run(runner.context)\n  File \"C:\\Users\\praveen.kumara\\AppData\\Local\\Programs\\Python\\Python39\\lib\\site-packages\\behave\\matchers.py\", line 98, in run\n    self.func(context, *args, **kwargs)\n  File \"features\\steps\\UtilityValidationOne.py\", line 34, in step_impl\n    AssertionUtilities.assert_contains(text+\"9090290\", expected_label)\n  File \"C:\\Users\\praveen.kumara\\PycharmProjects\\Shell_FE_Python_Automation\\Shell_FE_Selenium_Core\\Utilities\\AssertionUtilities.py\", line 34, in assert_contains\n    assert valuetobesearched_for in valuetobesearched_in, \"{0} is not present in {1}\".format(valuetobesearched_for, valuetobesearched_in)\n",
      "steps" : [ ],
      "attachments" : [ ],
      "parameters" : [ ],
      "stepsCount" : 0,
      "hasContent" : true,
      "attachmentsCount" : 0,
      "shouldDisplayMessage" : true
    }, {
      "name" : "When user copies the value from Firstname textbox",
      "time" : {
        "start" : 1637230947809,
        "stop" : 1637230947809,
        "duration" : 0
      },
      "status" : "skipped",
      "steps" : [ ],
      "attachments" : [ ],
      "parameters" : [ ],
      "stepsCount" : 0,
      "hasContent" : false,
      "attachmentsCount" : 0,
      "shouldDisplayMessage" : false
    }, {
      "name" : "And user pastes the value into Lastname textbox",
      "time" : {
        "start" : 1637230947809,
        "stop" : 1637230947809,
        "duration" : 0
      },
      "status" : "skipped",
      "steps" : [ ],
      "attachments" : [ ],
      "parameters" : [ ],
      "stepsCount" : 0,
      "hasContent" : false,
      "attachmentsCount" : 0,
      "shouldDisplayMessage" : false
    }, {
      "name" : "Then user validates if the value \"Henry\" is present in Lastname textbox using JSExecutor",
      "time" : {
        "start" : 1637230947809,
        "stop" : 1637230947811,
        "duration" : 2
      },
      "status" : "skipped",
      "steps" : [ ],
      "attachments" : [ ],
      "parameters" : [ ],
      "stepsCount" : 0,
      "hasContent" : false,
      "attachmentsCount" : 0,
      "shouldDisplayMessage" : false
    }, {
      "name" : "When user clears the Firstname textbox using actions",
      "time" : {
        "start" : 1637230947811,
        "stop" : 1637230947811,
        "duration" : 0
      },
      "status" : "skipped",
      "steps" : [ ],
      "attachments" : [ ],
      "parameters" : [ ],
      "stepsCount" : 0,
      "hasContent" : false,
      "attachmentsCount" : 0,
      "shouldDisplayMessage" : false
    }, {
      "name" : "And user enters \"Adams\" in Last name",
      "time" : {
        "start" : 1637230947811,
        "stop" : 1637230947811,
        "duration" : 0
      },
      "status" : "skipped",
      "steps" : [ ],
      "attachments" : [ ],
      "parameters" : [ ],
      "stepsCount" : 0,
      "hasContent" : false,
      "attachmentsCount" : 0,
      "shouldDisplayMessage" : false
    }, {
      "name" : "And user copies the value from Lastname textbox into Firstname textbox",
      "time" : {
        "start" : 1637230947811,
        "stop" : 1637230947811,
        "duration" : 0
      },
      "status" : "skipped",
      "steps" : [ ],
      "attachments" : [ ],
      "parameters" : [ ],
      "stepsCount" : 0,
      "hasContent" : false,
      "attachmentsCount" : 0,
      "shouldDisplayMessage" : false
    }, {
      "name" : "Then user validates the value \"Adams\" in Last name textbox",
      "time" : {
        "start" : 1637230947811,
        "stop" : 1637230947811,
        "duration" : 0
      },
      "status" : "skipped",
      "steps" : [ ],
      "attachments" : [ ],
      "parameters" : [ ],
      "stepsCount" : 0,
      "hasContent" : false,
      "attachmentsCount" : 0,
      "shouldDisplayMessage" : false
    }, {
      "name" : "When user clears the Firstname textbox using actions",
      "time" : {
        "start" : 1637230947811,
        "stop" : 1637230947811,
        "duration" : 0
      },
      "status" : "skipped",
      "steps" : [ ],
      "attachments" : [ ],
      "parameters" : [ ],
      "stepsCount" : 0,
      "hasContent" : false,
      "attachmentsCount" : 0,
      "shouldDisplayMessage" : false
    }, {
      "name" : "And user clears the Last name textbox",
      "time" : {
        "start" : 1637230947811,
        "stop" : 1637230947811,
        "duration" : 0
      },
      "status" : "skipped",
      "steps" : [ ],
      "attachments" : [ ],
      "parameters" : [ ],
      "stepsCount" : 0,
      "hasContent" : false,
      "attachmentsCount" : 0,
      "shouldDisplayMessage" : false
    }, {
      "name" : "When user enters \"Thomas\" in first name using JSExecutor",
      "time" : {
        "start" : 1637230947811,
        "stop" : 1637230947811,
        "duration" : 0
      },
      "status" : "skipped",
      "steps" : [ ],
      "attachments" : [ ],
      "parameters" : [ ],
      "stepsCount" : 0,
      "hasContent" : false,
      "attachmentsCount" : 0,
      "shouldDisplayMessage" : false
    }, {
      "name" : "And user enters \"Shelby\" in Last name using actions",
      "time" : {
        "start" : 1637230947811,
        "stop" : 1637230947811,
        "duration" : 0
      },
      "status" : "skipped",
      "steps" : [ ],
      "attachments" : [ ],
      "parameters" : [ ],
      "stepsCount" : 0,
      "hasContent" : false,
      "attachmentsCount" : 0,
      "shouldDisplayMessage" : false
    }, {
      "name" : "When user prints the color of the Firstname label",
      "time" : {
        "start" : 1637230947811,
        "stop" : 1637230947811,
        "duration" : 0
      },
      "status" : "skipped",
      "steps" : [ ],
      "attachments" : [ ],
      "parameters" : [ ],
      "stepsCount" : 0,
      "hasContent" : false,
      "attachmentsCount" : 0,
      "shouldDisplayMessage" : false
    }, {
      "name" : "Then user validates the \"Years of Experience\" label using JSExecutor",
      "time" : {
        "start" : 1637230947811,
        "stop" : 1637230947811,
        "duration" : 0
      },
      "status" : "skipped",
      "steps" : [ ],
      "attachments" : [ ],
      "parameters" : [ ],
      "stepsCount" : 0,
      "hasContent" : false,
      "attachmentsCount" : 0,
      "shouldDisplayMessage" : false
    } ],
    "attachments" : [ {
      "uid" : "c8661afa24d7bbd9",
      "name" : "screenshot",
      "source" : "c8661afa24d7bbd9.png",
      "type" : "image/png",
      "size" : 366781
    } ],
    "parameters" : [ ],
    "stepsCount" : 17,
    "hasContent" : true,
    "attachmentsCount" : 1,
    "shouldDisplayMessage" : false
  },
  "afterStages" : [ ],
  "labels" : [ {
    "name" : "severity",
    "value" : "normal"
  }, {
    "name" : "tag",
    "value" : "Utilities"
  }, {
    "name" : "feature",
    "value" : "Utilities validation tutorials point - Feature One"
  }, {
    "name" : "framework",
    "value" : "behave"
  }, {
    "name" : "language",
    "value" : "cpython3"
  }, {
    "name" : "resultFormat",
    "value" : "allure2"
  } ],
  "parameters" : [ ],
  "links" : [ ],
  "hidden" : false,
  "retry" : false,
  "extra" : {
    "severity" : "normal",
    "retries" : [ ],
    "categories" : [ {
      "name" : "Product defects",
      "matchedStatuses" : [ ],
      "flaky" : false
    } ],
    "tags" : [ "Utilities" ]
  },
  "source" : "9bb4a0909385d0a7.json",
  "parameterValues" : [ ]
}