{"name": "Test light theme controls in views", "status": "broken", "statusDetails": {"message": "selenium.common.exceptions.NoSuchElementException: Message: An element could not be located on the page using the given search parameters.\n\n", "trace": "  File \"C:\\Users\\saktivel.rajasekar\\AppData\\Local\\Programs\\Python\\Python39\\lib\\site-packages\\behave\\model.py\", line 1456, in run\n    match.run(runner.context)\n  File \"C:\\Users\\saktivel.rajasekar\\AppData\\Local\\Programs\\Python\\Python39\\lib\\site-packages\\behave\\model.py\", line 1903, in run\n    self.func(context, *args, **kwargs)\n  File \"features\\steps\\AndroidDemoSteps.py\", line 15, in open_views\n    context.api_Demos_functions.click_controls()\n  File \"C:\\Users\\saktivel.rajasekar\\Desktop\\Appium_Framework\\Python_Automation%20Framework\\Shell_FE_Behave_Tests\\MobileApplicationLibrary\\FunctionLibrary\\ApiDemoAppFunctions.py\", line 27, in click_controls\n    AndroidUtilities.is_element_displayed(self.apiDemosControls.get_controls_view())\n  File \"C:\\Users\\saktivel.rajasekar\\Desktop\\Appium_Framework\\Python_Automation%20Framework\\Shell_FE_Behave_Tests\\MobileApplicationLibrary\\ControlLibrary\\ApiDemoAppControls.py\", line 28, in get_controls_view\n    return self.driver.find_element(*ApiDemoAppControls.control_tab)\n  File \"C:\\Users\\saktivel.rajasekar\\AppData\\Local\\Programs\\Python\\Python39\\lib\\site-packages\\appium\\webdriver\\webdriver.py\", line 414, in find_element\n    return self.execute(RemoteCommand.FIND_ELEMENT, {'using': by, 'value': value})['value']\n  File \"C:\\Users\\saktivel.rajasekar\\AppData\\Local\\Programs\\Python\\Python39\\lib\\site-packages\\selenium\\webdriver\\remote\\webdriver.py\", line 321, in execute\n    self.error_handler.check_response(response)\n  File \"C:\\Users\\saktivel.rajasekar\\AppData\\Local\\Programs\\Python\\Python39\\lib\\site-packages\\appium\\webdriver\\errorhandler.py\", line 31, in check_response\n    raise wde\n  File \"C:\\Users\\saktivel.rajasekar\\AppData\\Local\\Programs\\Python\\Python39\\lib\\site-packages\\appium\\webdriver\\errorhandler.py\", line 26, in check_response\n    super().check_response(response)\n  File \"C:\\Users\\saktivel.rajasekar\\AppData\\Local\\Programs\\Python\\Python39\\lib\\site-packages\\selenium\\webdriver\\remote\\errorhandler.py\", line 242, in check_response\n    raise exception_class(message, screen, stacktrace)\n"}, "steps": [{"name": "Given I have launched the apidemos app", "status": "passed", "start": 1638953871932, "stop": 1638953873531}, {"name": "When I test views", "status": "broken", "statusDetails": {"message": "selenium.common.exceptions.NoSuchElementException: Message: An element could not be located on the page using the given search parameters.\n\n", "trace": "  File \"C:\\Users\\saktivel.rajasekar\\AppData\\Local\\Programs\\Python\\Python39\\lib\\site-packages\\behave\\model.py\", line 1456, in run\n    match.run(runner.context)\n  File \"C:\\Users\\saktivel.rajasekar\\AppData\\Local\\Programs\\Python\\Python39\\lib\\site-packages\\behave\\model.py\", line 1903, in run\n    self.func(context, *args, **kwargs)\n  File \"features\\steps\\AndroidDemoSteps.py\", line 15, in open_views\n    context.api_Demos_functions.click_controls()\n  File \"C:\\Users\\saktivel.rajasekar\\Desktop\\Appium_Framework\\Python_Automation%20Framework\\Shell_FE_Behave_Tests\\MobileApplicationLibrary\\FunctionLibrary\\ApiDemoAppFunctions.py\", line 27, in click_controls\n    AndroidUtilities.is_element_displayed(self.apiDemosControls.get_controls_view())\n  File \"C:\\Users\\saktivel.rajasekar\\Desktop\\Appium_Framework\\Python_Automation%20Framework\\Shell_FE_Behave_Tests\\MobileApplicationLibrary\\ControlLibrary\\ApiDemoAppControls.py\", line 28, in get_controls_view\n    return self.driver.find_element(*ApiDemoAppControls.control_tab)\n  File \"C:\\Users\\saktivel.rajasekar\\AppData\\Local\\Programs\\Python\\Python39\\lib\\site-packages\\appium\\webdriver\\webdriver.py\", line 414, in find_element\n    return self.execute(RemoteCommand.FIND_ELEMENT, {'using': by, 'value': value})['value']\n  File \"C:\\Users\\saktivel.rajasekar\\AppData\\Local\\Programs\\Python\\Python39\\lib\\site-packages\\selenium\\webdriver\\remote\\webdriver.py\", line 321, in execute\n    self.error_handler.check_response(response)\n  File \"C:\\Users\\saktivel.rajasekar\\AppData\\Local\\Programs\\Python\\Python39\\lib\\site-packages\\appium\\webdriver\\errorhandler.py\", line 31, in check_response\n    raise wde\n  File \"C:\\Users\\saktivel.rajasekar\\AppData\\Local\\Programs\\Python\\Python39\\lib\\site-packages\\appium\\webdriver\\errorhandler.py\", line 26, in check_response\n    super().check_response(response)\n  File \"C:\\Users\\saktivel.rajasekar\\AppData\\Local\\Programs\\Python\\Python39\\lib\\site-packages\\selenium\\webdriver\\remote\\errorhandler.py\", line 242, in check_response\n    raise exception_class(message, screen, stacktrace)\n"}, "start": 1638953873532, "stop": 1638953873636}, {"name": "Then I verify checkbox and radio buttons", "status": "skipped", "start": 1638953874526, "stop": 1638953874526}], "attachments": [{"name": "screenshot", "source": "5934b6ce-a9c1-4562-9138-d62fd4f10612-attachment.png", "type": "image/png"}], "start": 1638953871930, "stop": 1638953874526, "uuid": "e941f66c-4bec-4ae4-89ea-0de6f5035fbb", "historyId": "64ba2d0cddc762008f61223fd66a416c", "fullName": "Android Demo: Test light theme controls in views", "labels": [{"name": "severity", "value": "normal"}, {"name": "feature", "value": "Android Demo"}, {"name": "framework", "value": "behave"}, {"name": "language", "value": "cpython3"}]}