{"name": "Test Shell Hub page", "status": "broken", "statusDetails": {"message": "selenium.common.exceptions.NoSuchElementException: Message: An element could not be located on the page using the given search parameters.\n\n", "trace": "  File \"C:\\Users\\praveen.kumara\\PycharmProjects\\PhaseII\\Python_Automation%20Framework\\venv\\lib\\site-packages\\behave\\model.py\", line 1329, in run\n    match.run(runner.context)\n  File \"C:\\Users\\praveen.kumara\\PycharmProjects\\PhaseII\\Python_Automation%20Framework\\venv\\lib\\site-packages\\behave\\matchers.py\", line 98, in run\n    self.func(context, *args, **kwargs)\n  File \"features\\steps\\ShellHubTest.py\", line 21, in step_impl\n    context.shellhub_functions.search_value(keyword)\n  File \"C:\\Users\\praveen.kumara\\PycharmProjects\\PhaseII\\Python_Automation%20Framework\\Shell_FE_Behave_Tests\\ApplicationLibrary\\FunctionalLibrary\\ShellHubFunctions.py\", line 29, in search_value\n    SeleniumUtilities.send_text(self.shellHubControls.get_search_box(), value)\n  File \"C:\\Users\\praveen.kumara\\PycharmProjects\\PhaseII\\Python_Automation%20Framework\\Shell_FE_Behave_Tests\\ApplicationLibrary\\ControlLibrary\\ShellHubControls.py\", line 18, in get_search_box\n    return self.driver.find_element(*ShellHubControls.search_box)\n  File \"C:\\Users\\praveen.kumara\\PycharmProjects\\PhaseII\\Python_Automation%20Framework\\venv\\lib\\site-packages\\selenium\\webdriver\\remote\\webdriver.py\", line 976, in find_element\n    return self.execute(Command.FIND_ELEMENT, {\n  File \"C:\\Users\\praveen.kumara\\PycharmProjects\\PhaseII\\Python_Automation%20Framework\\venv\\lib\\site-packages\\selenium\\webdriver\\remote\\webdriver.py\", line 321, in execute\n    self.error_handler.check_response(response)\n  File \"C:\\Users\\praveen.kumara\\PycharmProjects\\PhaseII\\Python_Automation%20Framework\\venv\\lib\\site-packages\\selenium\\webdriver\\remote\\errorhandler.py\", line 242, in check_response\n    raise exception_class(message, screen, stacktrace)\n"}, "steps": [{"name": "Given user navigates to the Shell hub site", "status": "passed", "start": 1647517098468, "stop": 1647517101011}, {"name": "When user searches for keyword \"Functional Excellence Testing\" from search-box", "status": "broken", "statusDetails": {"message": "selenium.common.exceptions.NoSuchElementException: Message: An element could not be located on the page using the given search parameters.\n\n", "trace": "  File \"C:\\Users\\praveen.kumara\\PycharmProjects\\PhaseII\\Python_Automation%20Framework\\venv\\lib\\site-packages\\behave\\model.py\", line 1329, in run\n    match.run(runner.context)\n  File \"C:\\Users\\praveen.kumara\\PycharmProjects\\PhaseII\\Python_Automation%20Framework\\venv\\lib\\site-packages\\behave\\matchers.py\", line 98, in run\n    self.func(context, *args, **kwargs)\n  File \"features\\steps\\ShellHubTest.py\", line 21, in step_impl\n    context.shellhub_functions.search_value(keyword)\n  File \"C:\\Users\\praveen.kumara\\PycharmProjects\\PhaseII\\Python_Automation%20Framework\\Shell_FE_Behave_Tests\\ApplicationLibrary\\FunctionalLibrary\\ShellHubFunctions.py\", line 29, in search_value\n    SeleniumUtilities.send_text(self.shellHubControls.get_search_box(), value)\n  File \"C:\\Users\\praveen.kumara\\PycharmProjects\\PhaseII\\Python_Automation%20Framework\\Shell_FE_Behave_Tests\\ApplicationLibrary\\ControlLibrary\\ShellHubControls.py\", line 18, in get_search_box\n    return self.driver.find_element(*ShellHubControls.search_box)\n  File \"C:\\Users\\praveen.kumara\\PycharmProjects\\PhaseII\\Python_Automation%20Framework\\venv\\lib\\site-packages\\selenium\\webdriver\\remote\\webdriver.py\", line 976, in find_element\n    return self.execute(Command.FIND_ELEMENT, {\n  File \"C:\\Users\\praveen.kumara\\PycharmProjects\\PhaseII\\Python_Automation%20Framework\\venv\\lib\\site-packages\\selenium\\webdriver\\remote\\webdriver.py\", line 321, in execute\n    self.error_handler.check_response(response)\n  File \"C:\\Users\\praveen.kumara\\PycharmProjects\\PhaseII\\Python_Automation%20Framework\\venv\\lib\\site-packages\\selenium\\webdriver\\remote\\errorhandler.py\", line 242, in check_response\n    raise exception_class(message, screen, stacktrace)\n"}, "start": 1647517101012, "stop": 1647517137705}, {"name": "Then user validates the title of the window \"Search\"", "status": "passed", "start": 1647517138988, "stop": 1647517141320}, {"name": "When user navigates back to \"https://hub.shell.com\"", "status": "broken", "statusDetails": {"message": "selenium.common.exceptions.NoSuchElementException: Message: An element could not be located on the page using the given search parameters.\n\n", "trace": "  File \"C:\\Users\\praveen.kumara\\PycharmProjects\\PhaseII\\Python_Automation%20Framework\\venv\\lib\\site-packages\\behave\\model.py\", line 1329, in run\n    match.run(runner.context)\n  File \"C:\\Users\\praveen.kumara\\PycharmProjects\\PhaseII\\Python_Automation%20Framework\\venv\\lib\\site-packages\\behave\\matchers.py\", line 98, in run\n    self.func(context, *args, **kwargs)\n  File \"features\\steps\\ShellHubTest.py\", line 21, in step_impl\n    context.shellhub_functions.search_value(keyword)\n  File \"C:\\Users\\praveen.kumara\\PycharmProjects\\PhaseII\\Python_Automation%20Framework\\Shell_FE_Behave_Tests\\ApplicationLibrary\\FunctionalLibrary\\ShellHubFunctions.py\", line 29, in search_value\n    SeleniumUtilities.send_text(self.shellHubControls.get_search_box(), value)\n  File \"C:\\Users\\praveen.kumara\\PycharmProjects\\PhaseII\\Python_Automation%20Framework\\Shell_FE_Behave_Tests\\ApplicationLibrary\\ControlLibrary\\ShellHubControls.py\", line 18, in get_search_box\n    return self.driver.find_element(*ShellHubControls.search_box)\n  File \"C:\\Users\\praveen.kumara\\PycharmProjects\\PhaseII\\Python_Automation%20Framework\\venv\\lib\\site-packages\\selenium\\webdriver\\remote\\webdriver.py\", line 976, in find_element\n    return self.execute(Command.FIND_ELEMENT, {\n  File \"C:\\Users\\praveen.kumara\\PycharmProjects\\PhaseII\\Python_Automation%20Framework\\venv\\lib\\site-packages\\selenium\\webdriver\\remote\\webdriver.py\", line 321, in execute\n    self.error_handler.check_response(response)\n  File \"C:\\Users\\praveen.kumara\\PycharmProjects\\PhaseII\\Python_Automation%20Framework\\venv\\lib\\site-packages\\selenium\\webdriver\\remote\\errorhandler.py\", line 242, in check_response\n    raise exception_class(message, screen, stacktrace)\n"}, "start": 1647517141320, "stop": 1647517176285}, {"name": "And user clicks on Yammer link", "status": "skipped", "start": 1647517177308, "stop": 1647517177308}, {"name": "Then user verifies if totally \"2\" windows are displayed", "status": "skipped", "start": 1647517177308, "stop": 1647517177308}, {"name": "When user navigates to the child window using title \"Yammer\"", "status": "skipped", "start": 1647517177309, "stop": 1647517177309}, {"name": "And user closes the child window", "status": "skipped", "start": 1647517177309, "stop": 1647517177309}, {"name": "And user logs out of the application", "status": "skipped", "start": 1647517177309, "stop": 1647517177309}, {"name": "Then user validates the Select account screen", "status": "skipped", "start": 1647517177309, "stop": 1647517177309}, {"name": "Given user navigates to the Shell hub site", "status": "passed", "start": 1647517177309, "stop": 1647517177309}, {"name": "When user searches for keyword \"Functional Excellence Testing\" from search-box", "status": "broken", "statusDetails": {"message": "selenium.common.exceptions.NoSuchElementException: Message: An element could not be located on the page using the given search parameters.\n\n", "trace": "  File \"C:\\Users\\praveen.kumara\\PycharmProjects\\PhaseII\\Python_Automation%20Framework\\venv\\lib\\site-packages\\behave\\model.py\", line 1329, in run\n    match.run(runner.context)\n  File \"C:\\Users\\praveen.kumara\\PycharmProjects\\PhaseII\\Python_Automation%20Framework\\venv\\lib\\site-packages\\behave\\matchers.py\", line 98, in run\n    self.func(context, *args, **kwargs)\n  File \"features\\steps\\ShellHubTest.py\", line 21, in step_impl\n    context.shellhub_functions.search_value(keyword)\n  File \"C:\\Users\\praveen.kumara\\PycharmProjects\\PhaseII\\Python_Automation%20Framework\\Shell_FE_Behave_Tests\\ApplicationLibrary\\FunctionalLibrary\\ShellHubFunctions.py\", line 29, in search_value\n    SeleniumUtilities.send_text(self.shellHubControls.get_search_box(), value)\n  File \"C:\\Users\\praveen.kumara\\PycharmProjects\\PhaseII\\Python_Automation%20Framework\\Shell_FE_Behave_Tests\\ApplicationLibrary\\ControlLibrary\\ShellHubControls.py\", line 18, in get_search_box\n    return self.driver.find_element(*ShellHubControls.search_box)\n  File \"C:\\Users\\praveen.kumara\\PycharmProjects\\PhaseII\\Python_Automation%20Framework\\venv\\lib\\site-packages\\selenium\\webdriver\\remote\\webdriver.py\", line 976, in find_element\n    return self.execute(Command.FIND_ELEMENT, {\n  File \"C:\\Users\\praveen.kumara\\PycharmProjects\\PhaseII\\Python_Automation%20Framework\\venv\\lib\\site-packages\\selenium\\webdriver\\remote\\webdriver.py\", line 321, in execute\n    self.error_handler.check_response(response)\n  File \"C:\\Users\\praveen.kumara\\PycharmProjects\\PhaseII\\Python_Automation%20Framework\\venv\\lib\\site-packages\\selenium\\webdriver\\remote\\errorhandler.py\", line 242, in check_response\n    raise exception_class(message, screen, stacktrace)\n"}, "start": 1647517177309, "stop": 1647517177310}, {"name": "Then user validates the title of the window \"Search\"", "status": "skipped", "start": 1647517177310, "stop": 1647517177310}, {"name": "When user navigates back to \"https://hub.shell.com\"", "status": "skipped", "start": 1647517177310, "stop": 1647517177310}, {"name": "And user clicks on Yammer link", "status": "skipped", "start": 1647517177310, "stop": 1647517177310}, {"name": "Then user verifies if totally \"2\" windows are displayed", "status": "skipped", "start": 1647517177310, "stop": 1647517177310}, {"name": "When user navigates to the child window using title \"Yammer\"", "status": "skipped", "start": 1647517177310, "stop": 1647517177310}, {"name": "And user closes the child window", "status": "skipped", "start": 1647517177310, "stop": 1647517177311}, {"name": "And user logs out of the application", "status": "skipped", "start": 1647517177311, "stop": 1647517177311}, {"name": "Then user validates the Select account screen", "status": "skipped", "start": 1647517177311, "stop": 1647517177311}], "attachments": [{"name": "screenshot", "source": "0d0b65e9-4a37-458d-b6c2-3cbacd058c86-attachment.png", "type": "image/png"}, {"name": "screenshot", "source": "6bae984a-f97a-4bba-9589-f88103f26b61-attachment.png", "type": "image/png"}], "start": 1647517098464, "stop": 1647517177311, "uuid": "dc35637e-b793-4b8b-9d48-c0e76caefa98", "historyId": "107789af0bd7d3c08a12698facfa5587", "fullName": "ShellHubTest: Test Shell Hub page", "labels": [{"name": "severity", "value": "normal"}, {"name": "tag", "value": "ShellHubTest"}, {"name": "tag", "value": "shellhubtest1"}, {"name": "tag", "value": "web"}, {"name": "feature", "value": "ShellHubTest"}, {"name": "framework", "value": "behave"}, {"name": "language", "value": "cpython3"}]}