{"name": "Test Shell Hub page", "status": "broken", "statusDetails": {"message": "selenium.common.exceptions.NoSuchElementException: Message: no such element: Unable to locate element: {\"method\":\"css selector\",\"selector\":\"#searchbox\"}\n  (Session info: chrome=96.0.4664.104)\n  (Driver info: chromedriver=96.0.4664.45 (76e4c1bb2ab4671b8beba3444e61c0f17584b2fc-refs/branch-heads/4664@{#947}),platform=Linux 4.1.13-101.fc21.x86_64 x86_64)\n\n", "trace": "  File \"C:\\Users\\praveen.kumara\\PycharmProjects\\PhaseII\\Python_Automation%20Framework\\venv\\lib\\site-packages\\behave\\model.py\", line 1329, in run\n    match.run(runner.context)\n  File \"C:\\Users\\praveen.kumara\\PycharmProjects\\PhaseII\\Python_Automation%20Framework\\venv\\lib\\site-packages\\behave\\matchers.py\", line 98, in run\n    self.func(context, *args, **kwargs)\n  File \"features\\steps\\ShellHubTest.py\", line 21, in step_impl\n    context.shellhub_functions.search_value(keyword)\n  File \"C:\\Users\\praveen.kumara\\PycharmProjects\\PhaseII\\Python_Automation%20Framework\\Shell_FE_Behave_Tests\\ApplicationLibrary\\FunctionalLibrary\\ShellHubFunctions.py\", line 29, in search_value\n    SeleniumUtilities.send_text(self.shellHubControls.get_search_box(), value)\n  File \"C:\\Users\\praveen.kumara\\PycharmProjects\\PhaseII\\Python_Automation%20Framework\\Shell_FE_Behave_Tests\\ApplicationLibrary\\ControlLibrary\\ShellHubControls.py\", line 18, in get_search_box\n    return self.driver.find_element(*ShellHubControls.search_box)\n  File \"C:\\Users\\praveen.kumara\\PycharmProjects\\PhaseII\\Python_Automation%20Framework\\venv\\lib\\site-packages\\selenium\\webdriver\\remote\\webdriver.py\", line 976, in find_element\n    return self.execute(Command.FIND_ELEMENT, {\n  File \"C:\\Users\\praveen.kumara\\PycharmProjects\\PhaseII\\Python_Automation%20Framework\\venv\\lib\\site-packages\\selenium\\webdriver\\remote\\webdriver.py\", line 321, in execute\n    self.error_handler.check_response(response)\n  File \"C:\\Users\\praveen.kumara\\PycharmProjects\\PhaseII\\Python_Automation%20Framework\\venv\\lib\\site-packages\\selenium\\webdriver\\remote\\errorhandler.py\", line 242, in check_response\n    raise exception_class(message, screen, stacktrace)\n"}, "steps": [{"name": "Given user navigates to the Shell hub site", "status": "passed", "start": 1647517017330, "stop": 1647517027255}, {"name": "When user searches for keyword \"Functional Excellence Testing\" from search-box", "status": "broken", "statusDetails": {"message": "selenium.common.exceptions.NoSuchElementException: Message: no such element: Unable to locate element: {\"method\":\"css selector\",\"selector\":\"#searchbox\"}\n  (Session info: chrome=96.0.4664.104)\n  (Driver info: chromedriver=96.0.4664.45 (76e4c1bb2ab4671b8beba3444e61c0f17584b2fc-refs/branch-heads/4664@{#947}),platform=Linux 4.1.13-101.fc21.x86_64 x86_64)\n\n", "trace": "  File \"C:\\Users\\praveen.kumara\\PycharmProjects\\PhaseII\\Python_Automation%20Framework\\venv\\lib\\site-packages\\behave\\model.py\", line 1329, in run\n    match.run(runner.context)\n  File \"C:\\Users\\praveen.kumara\\PycharmProjects\\PhaseII\\Python_Automation%20Framework\\venv\\lib\\site-packages\\behave\\matchers.py\", line 98, in run\n    self.func(context, *args, **kwargs)\n  File \"features\\steps\\ShellHubTest.py\", line 21, in step_impl\n    context.shellhub_functions.search_value(keyword)\n  File \"C:\\Users\\praveen.kumara\\PycharmProjects\\PhaseII\\Python_Automation%20Framework\\Shell_FE_Behave_Tests\\ApplicationLibrary\\FunctionalLibrary\\ShellHubFunctions.py\", line 29, in search_value\n    SeleniumUtilities.send_text(self.shellHubControls.get_search_box(), value)\n  File \"C:\\Users\\praveen.kumara\\PycharmProjects\\PhaseII\\Python_Automation%20Framework\\Shell_FE_Behave_Tests\\ApplicationLibrary\\ControlLibrary\\ShellHubControls.py\", line 18, in get_search_box\n    return self.driver.find_element(*ShellHubControls.search_box)\n  File \"C:\\Users\\praveen.kumara\\PycharmProjects\\PhaseII\\Python_Automation%20Framework\\venv\\lib\\site-packages\\selenium\\webdriver\\remote\\webdriver.py\", line 976, in find_element\n    return self.execute(Command.FIND_ELEMENT, {\n  File \"C:\\Users\\praveen.kumara\\PycharmProjects\\PhaseII\\Python_Automation%20Framework\\venv\\lib\\site-packages\\selenium\\webdriver\\remote\\webdriver.py\", line 321, in execute\n    self.error_handler.check_response(response)\n  File \"C:\\Users\\praveen.kumara\\PycharmProjects\\PhaseII\\Python_Automation%20Framework\\venv\\lib\\site-packages\\selenium\\webdriver\\remote\\errorhandler.py\", line 242, in check_response\n    raise exception_class(message, screen, stacktrace)\n"}, "start": 1647517027256, "stop": 1647517077135}, {"name": "Then user validates the title of the window \"Search\"", "status": "passed", "start": 1647517082553, "stop": 1647517086784}, {"name": "When user navigates back to \"https://hub.shell.com\"", "status": "broken", "statusDetails": {"message": "selenium.common.exceptions.NoSuchElementException: Message: no such element: Unable to locate element: {\"method\":\"css selector\",\"selector\":\"#searchbox\"}\n  (Session info: chrome=96.0.4664.104)\n  (Driver info: chromedriver=96.0.4664.45 (76e4c1bb2ab4671b8beba3444e61c0f17584b2fc-refs/branch-heads/4664@{#947}),platform=Linux 4.1.13-101.fc21.x86_64 x86_64)\n\n", "trace": "  File \"C:\\Users\\praveen.kumara\\PycharmProjects\\PhaseII\\Python_Automation%20Framework\\venv\\lib\\site-packages\\behave\\model.py\", line 1329, in run\n    match.run(runner.context)\n  File \"C:\\Users\\praveen.kumara\\PycharmProjects\\PhaseII\\Python_Automation%20Framework\\venv\\lib\\site-packages\\behave\\matchers.py\", line 98, in run\n    self.func(context, *args, **kwargs)\n  File \"features\\steps\\ShellHubTest.py\", line 21, in step_impl\n    context.shellhub_functions.search_value(keyword)\n  File \"C:\\Users\\praveen.kumara\\PycharmProjects\\PhaseII\\Python_Automation%20Framework\\Shell_FE_Behave_Tests\\ApplicationLibrary\\FunctionalLibrary\\ShellHubFunctions.py\", line 29, in search_value\n    SeleniumUtilities.send_text(self.shellHubControls.get_search_box(), value)\n  File \"C:\\Users\\praveen.kumara\\PycharmProjects\\PhaseII\\Python_Automation%20Framework\\Shell_FE_Behave_Tests\\ApplicationLibrary\\ControlLibrary\\ShellHubControls.py\", line 18, in get_search_box\n    return self.driver.find_element(*ShellHubControls.search_box)\n  File \"C:\\Users\\praveen.kumara\\PycharmProjects\\PhaseII\\Python_Automation%20Framework\\venv\\lib\\site-packages\\selenium\\webdriver\\remote\\webdriver.py\", line 976, in find_element\n    return self.execute(Command.FIND_ELEMENT, {\n  File \"C:\\Users\\praveen.kumara\\PycharmProjects\\PhaseII\\Python_Automation%20Framework\\venv\\lib\\site-packages\\selenium\\webdriver\\remote\\webdriver.py\", line 321, in execute\n    self.error_handler.check_response(response)\n  File \"C:\\Users\\praveen.kumara\\PycharmProjects\\PhaseII\\Python_Automation%20Framework\\venv\\lib\\site-packages\\selenium\\webdriver\\remote\\errorhandler.py\", line 242, in check_response\n    raise exception_class(message, screen, stacktrace)\n"}, "start": 1647517086784, "stop": 1647517132071}, {"name": "And user clicks on Yammer link", "status": "skipped", "start": 1647517136815, "stop": 1647517136815}, {"name": "Then user verifies if totally \"2\" windows are displayed", "status": "skipped", "start": 1647517136815, "stop": 1647517136815}, {"name": "When user navigates to the child window using title \"Yammer\"", "status": "skipped", "start": 1647517136816, "stop": 1647517136816}, {"name": "And user closes the child window", "status": "skipped", "start": 1647517136816, "stop": 1647517136816}, {"name": "And user logs out of the application", "status": "skipped", "start": 1647517136816, "stop": 1647517136816}, {"name": "Then user validates the Select account screen", "status": "skipped", "start": 1647517136816, "stop": 1647517136816}, {"name": "Given user navigates to the Shell hub site", "status": "passed", "start": 1647517136816, "stop": 1647517136816}, {"name": "When user searches for keyword \"Functional Excellence Testing\" from search-box", "status": "broken", "statusDetails": {"message": "selenium.common.exceptions.NoSuchElementException: Message: no such element: Unable to locate element: {\"method\":\"css selector\",\"selector\":\"#searchbox\"}\n  (Session info: chrome=96.0.4664.104)\n  (Driver info: chromedriver=96.0.4664.45 (76e4c1bb2ab4671b8beba3444e61c0f17584b2fc-refs/branch-heads/4664@{#947}),platform=Linux 4.1.13-101.fc21.x86_64 x86_64)\n\n", "trace": "  File \"C:\\Users\\praveen.kumara\\PycharmProjects\\PhaseII\\Python_Automation%20Framework\\venv\\lib\\site-packages\\behave\\model.py\", line 1329, in run\n    match.run(runner.context)\n  File \"C:\\Users\\praveen.kumara\\PycharmProjects\\PhaseII\\Python_Automation%20Framework\\venv\\lib\\site-packages\\behave\\matchers.py\", line 98, in run\n    self.func(context, *args, **kwargs)\n  File \"features\\steps\\ShellHubTest.py\", line 21, in step_impl\n    context.shellhub_functions.search_value(keyword)\n  File \"C:\\Users\\praveen.kumara\\PycharmProjects\\PhaseII\\Python_Automation%20Framework\\Shell_FE_Behave_Tests\\ApplicationLibrary\\FunctionalLibrary\\ShellHubFunctions.py\", line 29, in search_value\n    SeleniumUtilities.send_text(self.shellHubControls.get_search_box(), value)\n  File \"C:\\Users\\praveen.kumara\\PycharmProjects\\PhaseII\\Python_Automation%20Framework\\Shell_FE_Behave_Tests\\ApplicationLibrary\\ControlLibrary\\ShellHubControls.py\", line 18, in get_search_box\n    return self.driver.find_element(*ShellHubControls.search_box)\n  File \"C:\\Users\\praveen.kumara\\PycharmProjects\\PhaseII\\Python_Automation%20Framework\\venv\\lib\\site-packages\\selenium\\webdriver\\remote\\webdriver.py\", line 976, in find_element\n    return self.execute(Command.FIND_ELEMENT, {\n  File \"C:\\Users\\praveen.kumara\\PycharmProjects\\PhaseII\\Python_Automation%20Framework\\venv\\lib\\site-packages\\selenium\\webdriver\\remote\\webdriver.py\", line 321, in execute\n    self.error_handler.check_response(response)\n  File \"C:\\Users\\praveen.kumara\\PycharmProjects\\PhaseII\\Python_Automation%20Framework\\venv\\lib\\site-packages\\selenium\\webdriver\\remote\\errorhandler.py\", line 242, in check_response\n    raise exception_class(message, screen, stacktrace)\n"}, "start": 1647517136816, "stop": 1647517136817}, {"name": "Then user validates the title of the window \"Search\"", "status": "skipped", "start": 1647517136817, "stop": 1647517136817}, {"name": "When user navigates back to \"https://hub.shell.com\"", "status": "skipped", "start": 1647517136817, "stop": 1647517136818}, {"name": "And user clicks on Yammer link", "status": "skipped", "start": 1647517136818, "stop": 1647517136818}, {"name": "Then user verifies if totally \"2\" windows are displayed", "status": "skipped", "start": 1647517136818, "stop": 1647517136818}, {"name": "When user navigates to the child window using title \"Yammer\"", "status": "skipped", "start": 1647517136818, "stop": 1647517136818}, {"name": "And user closes the child window", "status": "skipped", "start": 1647517136818, "stop": 1647517136818}, {"name": "And user logs out of the application", "status": "skipped", "start": 1647517136818, "stop": 1647517136818}, {"name": "Then user validates the Select account screen", "status": "skipped", "start": 1647517136818, "stop": 1647517136818}], "attachments": [{"name": "screenshot", "source": "a6fb173f-5db3-45c5-b33c-d8b42dc4a017-attachment.png", "type": "image/png"}, {"name": "screenshot", "source": "25e6fd7d-b271-4e9b-ac2c-555a101b044a-attachment.png", "type": "image/png"}], "start": 1647517017325, "stop": 1647517136818, "uuid": "6872560b-a946-4939-ae9c-e15d13f82e3a", "historyId": "107789af0bd7d3c08a12698facfa5587", "fullName": "ShellHubTest: Test Shell Hub page", "labels": [{"name": "severity", "value": "normal"}, {"name": "tag", "value": "ShellHubTest"}, {"name": "tag", "value": "shellhubtest1"}, {"name": "tag", "value": "web"}, {"name": "feature", "value": "ShellHubTest"}, {"name": "framework", "value": "behave"}, {"name": "language", "value": "cpython3"}]}