{"name": "Test Shell Hub page", "status": "broken", "statusDetails": {"message": "selenium.common.exceptions.NoSuchElementException: Message: \n\n", "trace": "  File \"C:\\Users\\praveen.kumara\\PycharmProjects\\PhaseII\\Python_Automation%20Framework\\venv\\lib\\site-packages\\behave\\model.py\", line 1329, in run\n    match.run(runner.context)\n  File \"C:\\Users\\praveen.kumara\\PycharmProjects\\PhaseII\\Python_Automation%20Framework\\venv\\lib\\site-packages\\behave\\matchers.py\", line 98, in run\n    self.func(context, *args, **kwargs)\n  File \"features\\steps\\ShellHubTest.py\", line 21, in step_impl\n    context.shellhub_functions.search_value(keyword)\n  File \"C:\\Users\\praveen.kumara\\PycharmProjects\\PhaseII\\Python_Automation%20Framework\\Shell_FE_Behave_Tests\\ApplicationLibrary\\FunctionalLibrary\\ShellHubFunctions.py\", line 29, in search_value\n    SeleniumUtilities.send_text(self.shellHubControls.get_search_box(), value)\n  File \"C:\\Users\\praveen.kumara\\PycharmProjects\\PhaseII\\Python_Automation%20Framework\\Shell_FE_Behave_Tests\\ApplicationLibrary\\ControlLibrary\\ShellHubControls.py\", line 18, in get_search_box\n    return self.driver.find_element(*ShellHubControls.search_box)\n  File \"C:\\Users\\praveen.kumara\\PycharmProjects\\PhaseII\\Python_Automation%20Framework\\venv\\lib\\site-packages\\selenium\\webdriver\\remote\\webdriver.py\", line 976, in find_element\n    return self.execute(Command.FIND_ELEMENT, {\n  File \"C:\\Users\\praveen.kumara\\PycharmProjects\\PhaseII\\Python_Automation%20Framework\\venv\\lib\\site-packages\\selenium\\webdriver\\remote\\webdriver.py\", line 321, in execute\n    self.error_handler.check_response(response)\n  File \"C:\\Users\\praveen.kumara\\PycharmProjects\\PhaseII\\Python_Automation%20Framework\\venv\\lib\\site-packages\\selenium\\webdriver\\remote\\errorhandler.py\", line 242, in check_response\n    raise exception_class(message, screen, stacktrace)\n"}, "steps": [{"name": "Given user navigates to the Shell hub site", "status": "passed", "start": 1647517012484, "stop": 1647517015891}, {"name": "When user searches for keyword \"Functional Excellence Testing\" from search-box", "status": "broken", "statusDetails": {"message": "selenium.common.exceptions.NoSuchElementException: Message: \n\n", "trace": "  File \"C:\\Users\\praveen.kumara\\PycharmProjects\\PhaseII\\Python_Automation%20Framework\\venv\\lib\\site-packages\\behave\\model.py\", line 1329, in run\n    match.run(runner.context)\n  File \"C:\\Users\\praveen.kumara\\PycharmProjects\\PhaseII\\Python_Automation%20Framework\\venv\\lib\\site-packages\\behave\\matchers.py\", line 98, in run\n    self.func(context, *args, **kwargs)\n  File \"features\\steps\\ShellHubTest.py\", line 21, in step_impl\n    context.shellhub_functions.search_value(keyword)\n  File \"C:\\Users\\praveen.kumara\\PycharmProjects\\PhaseII\\Python_Automation%20Framework\\Shell_FE_Behave_Tests\\ApplicationLibrary\\FunctionalLibrary\\ShellHubFunctions.py\", line 29, in search_value\n    SeleniumUtilities.send_text(self.shellHubControls.get_search_box(), value)\n  File \"C:\\Users\\praveen.kumara\\PycharmProjects\\PhaseII\\Python_Automation%20Framework\\Shell_FE_Behave_Tests\\ApplicationLibrary\\ControlLibrary\\ShellHubControls.py\", line 18, in get_search_box\n    return self.driver.find_element(*ShellHubControls.search_box)\n  File \"C:\\Users\\praveen.kumara\\PycharmProjects\\PhaseII\\Python_Automation%20Framework\\venv\\lib\\site-packages\\selenium\\webdriver\\remote\\webdriver.py\", line 976, in find_element\n    return self.execute(Command.FIND_ELEMENT, {\n  File \"C:\\Users\\praveen.kumara\\PycharmProjects\\PhaseII\\Python_Automation%20Framework\\venv\\lib\\site-packages\\selenium\\webdriver\\remote\\webdriver.py\", line 321, in execute\n    self.error_handler.check_response(response)\n  File \"C:\\Users\\praveen.kumara\\PycharmProjects\\PhaseII\\Python_Automation%20Framework\\venv\\lib\\site-packages\\selenium\\webdriver\\remote\\errorhandler.py\", line 242, in check_response\n    raise exception_class(message, screen, stacktrace)\n"}, "start": 1647517015893, "stop": 1647517054941}, {"name": "Then user validates the title of the window \"Search\"", "status": "passed", "start": 1647517056448, "stop": 1647517058073}, {"name": "When user navigates back to \"https://hub.shell.com\"", "status": "broken", "statusDetails": {"message": "selenium.common.exceptions.NoSuchElementException: Message: \n\n", "trace": "  File \"C:\\Users\\praveen.kumara\\PycharmProjects\\PhaseII\\Python_Automation%20Framework\\venv\\lib\\site-packages\\behave\\model.py\", line 1329, in run\n    match.run(runner.context)\n  File \"C:\\Users\\praveen.kumara\\PycharmProjects\\PhaseII\\Python_Automation%20Framework\\venv\\lib\\site-packages\\behave\\matchers.py\", line 98, in run\n    self.func(context, *args, **kwargs)\n  File \"features\\steps\\ShellHubTest.py\", line 21, in step_impl\n    context.shellhub_functions.search_value(keyword)\n  File \"C:\\Users\\praveen.kumara\\PycharmProjects\\PhaseII\\Python_Automation%20Framework\\Shell_FE_Behave_Tests\\ApplicationLibrary\\FunctionalLibrary\\ShellHubFunctions.py\", line 29, in search_value\n    SeleniumUtilities.send_text(self.shellHubControls.get_search_box(), value)\n  File \"C:\\Users\\praveen.kumara\\PycharmProjects\\PhaseII\\Python_Automation%20Framework\\Shell_FE_Behave_Tests\\ApplicationLibrary\\ControlLibrary\\ShellHubControls.py\", line 18, in get_search_box\n    return self.driver.find_element(*ShellHubControls.search_box)\n  File \"C:\\Users\\praveen.kumara\\PycharmProjects\\PhaseII\\Python_Automation%20Framework\\venv\\lib\\site-packages\\selenium\\webdriver\\remote\\webdriver.py\", line 976, in find_element\n    return self.execute(Command.FIND_ELEMENT, {\n  File \"C:\\Users\\praveen.kumara\\PycharmProjects\\PhaseII\\Python_Automation%20Framework\\venv\\lib\\site-packages\\selenium\\webdriver\\remote\\webdriver.py\", line 321, in execute\n    self.error_handler.check_response(response)\n  File \"C:\\Users\\praveen.kumara\\PycharmProjects\\PhaseII\\Python_Automation%20Framework\\venv\\lib\\site-packages\\selenium\\webdriver\\remote\\errorhandler.py\", line 242, in check_response\n    raise exception_class(message, screen, stacktrace)\n"}, "start": 1647517058073, "stop": 1647517093849}, {"name": "And user clicks on Yammer link", "status": "skipped", "start": 1647517095363, "stop": 1647517095363}, {"name": "Then user verifies if totally \"2\" windows are displayed", "status": "skipped", "start": 1647517095363, "stop": 1647517095363}, {"name": "When user navigates to the child window using title \"Yammer\"", "status": "skipped", "start": 1647517095363, "stop": 1647517095363}, {"name": "And user closes the child window", "status": "skipped", "start": 1647517095363, "stop": 1647517095363}, {"name": "And user logs out of the application", "status": "skipped", "start": 1647517095363, "stop": 1647517095363}, {"name": "Then user validates the Select account screen", "status": "skipped", "start": 1647517095363, "stop": 1647517095363}, {"name": "Given user navigates to the Shell hub site", "status": "passed", "start": 1647517095363, "stop": 1647517095363}, {"name": "When user searches for keyword \"Functional Excellence Testing\" from search-box", "status": "broken", "statusDetails": {"message": "selenium.common.exceptions.NoSuchElementException: Message: \n\n", "trace": "  File \"C:\\Users\\praveen.kumara\\PycharmProjects\\PhaseII\\Python_Automation%20Framework\\venv\\lib\\site-packages\\behave\\model.py\", line 1329, in run\n    match.run(runner.context)\n  File \"C:\\Users\\praveen.kumara\\PycharmProjects\\PhaseII\\Python_Automation%20Framework\\venv\\lib\\site-packages\\behave\\matchers.py\", line 98, in run\n    self.func(context, *args, **kwargs)\n  File \"features\\steps\\ShellHubTest.py\", line 21, in step_impl\n    context.shellhub_functions.search_value(keyword)\n  File \"C:\\Users\\praveen.kumara\\PycharmProjects\\PhaseII\\Python_Automation%20Framework\\Shell_FE_Behave_Tests\\ApplicationLibrary\\FunctionalLibrary\\ShellHubFunctions.py\", line 29, in search_value\n    SeleniumUtilities.send_text(self.shellHubControls.get_search_box(), value)\n  File \"C:\\Users\\praveen.kumara\\PycharmProjects\\PhaseII\\Python_Automation%20Framework\\Shell_FE_Behave_Tests\\ApplicationLibrary\\ControlLibrary\\ShellHubControls.py\", line 18, in get_search_box\n    return self.driver.find_element(*ShellHubControls.search_box)\n  File \"C:\\Users\\praveen.kumara\\PycharmProjects\\PhaseII\\Python_Automation%20Framework\\venv\\lib\\site-packages\\selenium\\webdriver\\remote\\webdriver.py\", line 976, in find_element\n    return self.execute(Command.FIND_ELEMENT, {\n  File \"C:\\Users\\praveen.kumara\\PycharmProjects\\PhaseII\\Python_Automation%20Framework\\venv\\lib\\site-packages\\selenium\\webdriver\\remote\\webdriver.py\", line 321, in execute\n    self.error_handler.check_response(response)\n  File \"C:\\Users\\praveen.kumara\\PycharmProjects\\PhaseII\\Python_Automation%20Framework\\venv\\lib\\site-packages\\selenium\\webdriver\\remote\\errorhandler.py\", line 242, in check_response\n    raise exception_class(message, screen, stacktrace)\n"}, "start": 1647517095363, "stop": 1647517095365}, {"name": "Then user validates the title of the window \"Search\"", "status": "skipped", "start": 1647517095365, "stop": 1647517095365}, {"name": "When user navigates back to \"https://hub.shell.com\"", "status": "skipped", "start": 1647517095365, "stop": 1647517095365}, {"name": "And user clicks on Yammer link", "status": "skipped", "start": 1647517095365, "stop": 1647517095365}, {"name": "Then user verifies if totally \"2\" windows are displayed", "status": "skipped", "start": 1647517095365, "stop": 1647517095365}, {"name": "When user navigates to the child window using title \"Yammer\"", "status": "skipped", "start": 1647517095365, "stop": 1647517095365}, {"name": "And user closes the child window", "status": "skipped", "start": 1647517095365, "stop": 1647517095365}, {"name": "And user logs out of the application", "status": "skipped", "start": 1647517095365, "stop": 1647517095365}, {"name": "Then user validates the Select account screen", "status": "skipped", "start": 1647517095365, "stop": 1647517095365}], "attachments": [{"name": "screenshot", "source": "574fdfc6-35f6-4d8d-91a3-26e156c7281d-attachment.png", "type": "image/png"}, {"name": "screenshot", "source": "783902f2-95b0-4018-927a-1e129d62cfec-attachment.png", "type": "image/png"}], "start": 1647517012480, "stop": 1647517095365, "uuid": "f77dfe86-9c8b-4be0-9342-fd955ce172fd", "historyId": "107789af0bd7d3c08a12698facfa5587", "fullName": "ShellHubTest: Test Shell Hub page", "labels": [{"name": "severity", "value": "normal"}, {"name": "tag", "value": "ShellHubTest"}, {"name": "tag", "value": "shellhubtest1"}, {"name": "tag", "value": "web"}, {"name": "feature", "value": "ShellHubTest"}, {"name": "framework", "value": "behave"}, {"name": "language", "value": "cpython3"}]}